2024-02-16 14:33:40: PS_EMPLOYEE_PROFILE_ID updated to 3 by Employee 1
2024-02-16 14:33:40: PS_EMPLOYEE_PROFILE_ID updated to 3 by Employee 1
2024-02-16 14:33:54: PS_EMPLOYEE_PROFILE_ID updated to 5 by Employee 1
2024-02-16 14:33:54: PS_EMPLOYEE_PROFILE_ID updated to 5 by Employee 1
2024-02-16 14:34:09: PS_EMPLOYEE_PROFILE_ID updated to 3 by Employee 1
2024-02-16 14:34:09: PS_EMPLOYEE_PROFILE_ID updated to 3 by Employee 1
2024-02-16 14:34:22: PS_EMPLOYEE_PROFILE_ID updated to 5 by Employee 1
2024-02-16 14:34:22: PS_EMPLOYEE_PROFILE_ID updated to 5 by Employee 1
2024-02-16 14:35:53: Employee assignment updated for product ID: 19. to Employee ID: 3 by Employee 1
2024-02-16 14:35:53: Employee assignment updated for product ID: 19. to Employee ID: 3 by Employee 1
2024-02-16 14:35:53: Employee assignment updated for product ID: 19. to Employee ID: 3 by Employee 1
2024-02-16 14:35:53: Employee assignment updated for product ID: 19. to Employee ID: 3 by Employee 1
2024-02-16 14:36:06: New employee assignment created for product ID: 16. Employee ID: 2 by Employee 1
2024-02-16 14:36:06: New employee assignment created for product ID: 16. Employee ID: 2 by Employee 1
2024-02-16 14:36:06: Employee assignment updated for product ID: 16. to Employee ID: 2 by Employee 1
2024-02-16 14:36:06: Employee assignment updated for product ID: 16. to Employee ID: 2 by Employee 1
2024-02-16 14:36:06: Employee assignment updated for product ID: 16. to Employee ID: 2 by Employee 1
2024-02-16 14:36:06: Employee assignment updated for product ID: 16. to Employee ID: 2 by Employee 1
2024-02-16 14:36:06: Employee assignment updated for product ID: 16. to Employee ID: 2 by Employee 1
2024-02-16 14:36:06: Employee assignment updated for product ID: 16. to Employee ID: 2 by Employee 1
2024-02-16 14:36:06: Employee assignment updated for product ID: 16. to Employee ID: 2 by Employee 1
2024-02-16 14:36:06: Employee assignment updated for product ID: 16. to Employee ID: 2 by Employee 1
2024-02-16 14:36:14: New employee assignment created for product ID: 15. Employee ID: 3 by Employee 1
2024-02-16 14:36:14: New employee assignment created for product ID: 15. Employee ID: 3 by Employee 1
2024-02-16 14:36:14: Employee assignment updated for product ID: 15. to Employee ID: 3 by Employee 1
2024-02-16 14:36:14: Employee assignment updated for product ID: 15. to Employee ID: 3 by Employee 1
2024-02-16 14:36:28: Products grid query builder modified to show products 18,17,16 for Employee ID: 2
2024-02-16 14:36:28: Products grid query builder modified to show products 18,17,16 for Employee ID: 2
2024-02-16 14:36:42: Products grid query builder modified to show products 18,17,16 for Employee ID: 2
2024-02-16 14:36:42: Products grid query builder modified to show products 18,17,16 for Employee ID: 2
2024-02-16 14:36:57: Products grid query builder modified to show products 19,15 for Employee ID: 3
2024-02-16 14:36:57: Products grid query builder modified to show products 19,15 for Employee ID: 3
2024-02-16 14:37:11: Products grid query builder modified to show products 19,15 for Employee ID: 3
2024-02-16 14:37:11: Products grid query builder modified to show products 19,15 for Employee ID: 3
2024-02-16 14:37:34: Products grid query builder modified to show products 19,15 for Employee ID: 3
2024-02-16 14:37:34: Products grid query builder modified to show products 19,15 for Employee ID: 3
