2024-02-15 16:41:38: New employee assignment created for product ID: 19. Employee ID: 2 by Employee 1
2024-02-15 16:41:38: New employee assignment created for product ID: 19. Employee ID: 2 by Employee 1
2024-02-15 16:41:38: Employee assignment updated for product ID: 19. to Employee ID: 2 by Employee 1
2024-02-15 16:41:38: Employee assignment updated for product ID: 19. to Employee ID: 2 by Employee 1
2024-02-15 16:41:50: New employee assignment created for product ID: 18. Employee ID: 2 by Employee 1
2024-02-15 16:41:50: New employee assignment created for product ID: 18. Employee ID: 2 by Employee 1
2024-02-15 16:41:50: Employee assignment updated for product ID: 18. to Employee ID: 2 by Employee 1
2024-02-15 16:41:50: Employee assignment updated for product ID: 18. to Employee ID: 2 by Employee 1
2024-02-15 16:41:50: Employee assignment updated for product ID: 18. to Employee ID: 2 by Employee 1
2024-02-15 16:41:50: Employee assignment updated for product ID: 18. to Employee ID: 2 by Employee 1
2024-02-15 16:41:50: Employee assignment updated for product ID: 18. to Employee ID: 2 by Employee 1
2024-02-15 16:41:50: Employee assignment updated for product ID: 18. to Employee ID: 2 by Employee 1
2024-02-15 16:41:50: Employee assignment updated for product ID: 18. to Employee ID: 2 by Employee 1
2024-02-15 16:41:50: Employee assignment updated for product ID: 18. to Employee ID: 2 by Employee 1
2024-02-15 16:42:01: New employee assignment created for product ID: 17. Employee ID: 2 by Employee 1
2024-02-15 16:42:01: New employee assignment created for product ID: 17. Employee ID: 2 by Employee 1
2024-02-15 16:42:01: Employee assignment updated for product ID: 17. to Employee ID: 2 by Employee 1
2024-02-15 16:42:01: Employee assignment updated for product ID: 17. to Employee ID: 2 by Employee 1
2024-02-15 16:42:01: Employee assignment updated for product ID: 17. to Employee ID: 2 by Employee 1
2024-02-15 16:42:01: Employee assignment updated for product ID: 17. to Employee ID: 2 by Employee 1
2024-02-15 16:42:01: Employee assignment updated for product ID: 17. to Employee ID: 2 by Employee 1
2024-02-15 16:42:01: Employee assignment updated for product ID: 17. to Employee ID: 2 by Employee 1
2024-02-15 16:42:01: Employee assignment updated for product ID: 17. to Employee ID: 2 by Employee 1
2024-02-15 16:42:01: Employee assignment updated for product ID: 17. to Employee ID: 2 by Employee 1
2024-02-15 16:42:11: New employee assignment created for product ID: 14. Employee ID: 3 by Employee 1
2024-02-15 16:42:11: New employee assignment created for product ID: 14. Employee ID: 3 by Employee 1
2024-02-15 16:42:11: Employee assignment updated for product ID: 14. to Employee ID: 3 by Employee 1
2024-02-15 16:42:11: Employee assignment updated for product ID: 14. to Employee ID: 3 by Employee 1
2024-02-15 16:42:23: New employee assignment created for product ID: 12. Employee ID: 2 by Employee 1
2024-02-15 16:42:23: New employee assignment created for product ID: 12. Employee ID: 2 by Employee 1
2024-02-15 16:42:23: Employee assignment updated for product ID: 12. to Employee ID: 2 by Employee 1
2024-02-15 16:42:23: Employee assignment updated for product ID: 12. to Employee ID: 2 by Employee 1
2024-02-15 17:10:39: New employee assignment created for product ID: 19. Employee ID: 2 by Employee 1
2024-02-15 17:10:39: New employee assignment created for product ID: 19. Employee ID: 2 by Employee 1
2024-02-15 17:10:39: Employee assignment updated for product ID: 19. to Employee ID: 2 by Employee 1
2024-02-15 17:10:39: Employee assignment updated for product ID: 19. to Employee ID: 2 by Employee 1
2024-02-15 17:10:52: New employee assignment created for product ID: 18. Employee ID: 2 by Employee 1
2024-02-15 17:10:52: New employee assignment created for product ID: 18. Employee ID: 2 by Employee 1
2024-02-15 17:10:52: Employee assignment updated for product ID: 18. to Employee ID: 2 by Employee 1
2024-02-15 17:10:52: Employee assignment updated for product ID: 18. to Employee ID: 2 by Employee 1
2024-02-15 17:10:52: Employee assignment updated for product ID: 18. to Employee ID: 2 by Employee 1
2024-02-15 17:10:52: Employee assignment updated for product ID: 18. to Employee ID: 2 by Employee 1
2024-02-15 17:10:52: Employee assignment updated for product ID: 18. to Employee ID: 2 by Employee 1
2024-02-15 17:10:52: Employee assignment updated for product ID: 18. to Employee ID: 2 by Employee 1
2024-02-15 17:10:52: Employee assignment updated for product ID: 18. to Employee ID: 2 by Employee 1
2024-02-15 17:10:52: Employee assignment updated for product ID: 18. to Employee ID: 2 by Employee 1
2024-02-15 17:18:10: Products grid query builder modified to show products 19,18 for Employee ID: 2
2024-02-15 17:18:10: Products grid query builder modified to show products 19,18 for Employee ID: 2
2024-02-15 17:20:09: Products grid query builder modified to show products 19,18 for Employee ID: 2
2024-02-15 17:20:09: Products grid query builder modified to show products 19,18 for Employee ID: 2
2024-02-15 17:20:26: Products grid query builder modified to show products 19,18 for Employee ID: 2
2024-02-15 17:20:26: Products grid query builder modified to show products 19,18 for Employee ID: 2
2024-02-15 17:20:35: Products grid query builder modified to show products 19,18 for Employee ID: 2
2024-02-15 17:20:35: Products grid query builder modified to show products 19,18 for Employee ID: 2
2024-02-15 17:22:39: Products grid query builder modified to show products 19,18 for Employee ID: 2
2024-02-15 17:22:39: Products grid query builder modified to show products 19,18 for Employee ID: 2
2024-02-15 17:22:49: Products grid query builder modified to show products 19,18 for Employee ID: 2
2024-02-15 17:22:49: Products grid query builder modified to show products 19,18 for Employee ID: 2
2024-02-15 17:23:11: Products grid query builder modified to show products 19,18 for Employee ID: 2
2024-02-15 17:23:11: Products grid query builder modified to show products 19,18 for Employee ID: 2
2024-02-15 17:23:52: Products grid query builder modified to show products 19,18 for Employee ID: 2
2024-02-15 17:23:52: Products grid query builder modified to show products 19,18 for Employee ID: 2
2024-02-15 17:26:01: Products grid query builder modified to show products 19,18 for Employee ID: 2
2024-02-15 17:26:01: Products grid query builder modified to show products 19,18 for Employee ID: 2
2024-02-15 17:27:00: Products grid query builder modified to show products 19,18 for Employee ID: 2
2024-02-15 17:27:00: Products grid query builder modified to show products 19,18 for Employee ID: 2
2024-02-15 17:27:18: Products grid query builder modified to show products  for Employee ID: 3
2024-02-15 17:27:18: Products grid query builder modified to show products  for Employee ID: 3
2024-02-15 17:28:54: Products grid query builder modified to show products  for Employee ID: 3
2024-02-15 17:28:54: Products grid query builder modified to show products  for Employee ID: 3
2024-02-15 17:29:31: Products grid query builder modified to show products 19,18 for Employee ID: 2
2024-02-15 17:29:31: Products grid query builder modified to show products 19,18 for Employee ID: 2
2024-02-15 17:44:24: Products grid query builder modified to show products 19,18 for Employee ID: 2
2024-02-15 17:44:24: Products grid query builder modified to show products 19,18 for Employee ID: 2
2024-02-15 17:44:52: Products grid query builder modified to show products 19,18 for Employee ID: 2
2024-02-15 17:44:52: Products grid query builder modified to show products 19,18 for Employee ID: 2
2024-02-15 17:45:44: New employee assignment created for product ID: 17. Employee ID: 2 by Employee 2
2024-02-15 17:45:44: New employee assignment created for product ID: 17. Employee ID: 2 by Employee 2
2024-02-15 17:45:44: Employee assignment updated for product ID: 17. to Employee ID: 2 by Employee 2
2024-02-15 17:45:44: Employee assignment updated for product ID: 17. to Employee ID: 2 by Employee 2
2024-02-15 17:45:44: Employee assignment updated for product ID: 17. to Employee ID: 2 by Employee 2
2024-02-15 17:45:44: Employee assignment updated for product ID: 17. to Employee ID: 2 by Employee 2
2024-02-15 17:45:44: Employee assignment updated for product ID: 17. to Employee ID: 2 by Employee 2
2024-02-15 17:45:44: Employee assignment updated for product ID: 17. to Employee ID: 2 by Employee 2
2024-02-15 17:45:44: Employee assignment updated for product ID: 17. to Employee ID: 2 by Employee 2
2024-02-15 17:45:44: Employee assignment updated for product ID: 17. to Employee ID: 2 by Employee 2
2024-02-15 17:46:28: Products grid query builder modified to show products 19,18,17 for Employee ID: 2
2024-02-15 17:46:28: Products grid query builder modified to show products 19,18,17 for Employee ID: 2
2024-02-15 18:04:07: Products grid query builder modified to show products 19,18,17 for Employee ID: 2
2024-02-15 18:04:07: Products grid query builder modified to show products 19,18,17 for Employee ID: 2
2024-02-15 18:05:32: Products grid query builder modified to show products 19,18,17 for Employee ID: 2
2024-02-15 18:05:32: Products grid query builder modified to show products 19,18,17 for Employee ID: 2
2024-02-15 18:05:47: Products grid query builder modified to show products 19,18,17 for Employee ID: 2
2024-02-15 18:05:47: Products grid query builder modified to show products 19,18,17 for Employee ID: 2
2024-02-15 18:06:31: Products grid query builder modified to show products 19,18,17 for Employee ID: 2
2024-02-15 18:06:31: Products grid query builder modified to show products 19,18,17 for Employee ID: 2
2024-02-15 18:06:41: Products grid query builder modified to show products 19,18,17 for Employee ID: 2
2024-02-15 18:06:41: Products grid query builder modified to show products 19,18,17 for Employee ID: 2
2024-02-15 18:37:28: Products grid query builder modified to show products 19,18,17 for Employee ID: 2
2024-02-15 18:37:28: Products grid query builder modified to show products 19,18,17 for Employee ID: 2
2024-02-15 18:38:09: Products grid query builder modified to show products 19,18,17 for Employee ID: 2
2024-02-15 18:38:09: Products grid query builder modified to show products 19,18,17 for Employee ID: 2
2024-02-15 18:39:07: Products grid query builder modified to show products 19,18,17 for Employee ID: 2
2024-02-15 18:39:07: Products grid query builder modified to show products 19,18,17 for Employee ID: 2
2024-02-15 18:39:16: Products grid query builder modified to show products 19,18,17 for Employee ID: 2
2024-02-15 18:39:16: Products grid query builder modified to show products 19,18,17 for Employee ID: 2
